
 File RERUNS.DAT contains    1 set(s) of  1 variable(s):
 type sc/ar variable name
 ---- ----- -------------
  F     s   SWCPOT                         

 = Data file contents (set 0) selected =


   Run   0
   =======
 Data file   TIMER.DAT with  15 variables parsed by RDINDX
   EUDRIV 2.0: Initialize model
 Contents of TIMER.DAT recovered from TMP file
           Accuracy setting EPS neglected
           Value of DELMAX neglected
 Contents of TIMER.DAT recovered from TMP file

 There have been errors and/or warnings from
 the weather system, check file WEATHER.LOG
   EUDRIV 2.0: DYNAMIC loop
   EUDRIV 2.0: Terminate model
 The run was terminated due to missing weather,
 terminal section was not executed.


   Run   1
   =======

 = Set    1 of rerun file RERUNS.DAT selected =
 Contents of TIMER.DAT recovered from TMP file
   EUDRIV 2.0: Initialize model
 Contents of TIMER.DAT recovered from TMP file
           Accuracy setting EPS neglected
           Value of DELMAX neglected
 Contents of TIMER.DAT recovered from TMP file

 There have been errors and/or warnings from
 the weather system, check file WEATHER.LOG
   EUDRIV 2.0: DYNAMIC loop
   EUDRIV 2.0: Terminate model
 The run was terminated due to missing weather,
 terminal section was not executed.
  
 Temporary file RD$00001.TMP deleted by RDDTMP
 Temporary file RERUNS.TMP deleted by RDDTMP
